<?xml version="1.0" encoding="UTF-8"?>
<!-- Generated by org.testng.reporters.JUnitReportReporter -->
<testsuite hostname="DESKTOP-08MK2PB" failures="0" tests="4" name="Tests.TestLogInPage" time="5.490" errors="0" timestamp="2022-02-03T02:16:23 CET" skipped="0">
  <testcase classname="Tests.TestLogInPage" name="logInHappyPath" time="1.997"/>
  <system-out/>
  <testcase classname="Tests.TestLogInPage" name="logInUnhappyPathWrongUsername" time="1.815"/>
  <system-out/>
  <testcase classname="Tests.TestLogInPage" name="logInUnhappyPathWrongPassword" time="1.326"/>
  <system-out/>
  <testcase classname="Tests.TestLogInPage" name="logInButtonColor" time="0.352"/>
  <system-out/>
</testsuite> <!-- Tests.TestLogInPage -->
