<?xml version="1.0" encoding="UTF-8"?>
<!-- Generated by org.testng.reporters.JUnitReportReporter -->
<testsuite hostname="DESKTOP-08MK2PB" failures="0" tests="4" name="Tests.TestSortProduct" time="9.002" errors="0" timestamp="2022-02-03T02:16:23 CET" skipped="0">
  <testcase classname="Tests.TestSortProduct" name="sortByNameAZ" time="2.919"/>
  <system-out/>
  <testcase classname="Tests.TestSortProduct" name="sortByNameZA" time="2.278"/>
  <system-out/>
  <testcase classname="Tests.TestSortProduct" name="sortByPriceLoHi" time="2.236"/>
  <system-out/>
  <testcase classname="Tests.TestSortProduct" name="sortByPriceHiLo" time="1.569"/>
  <system-out/>
</testsuite> <!-- Tests.TestSortProduct -->
