<?xml version="1.0" encoding="UTF-8"?>
<!-- Generated by org.testng.reporters.JUnitReportReporter -->
<testsuite hostname="DESKTOP-08MK2PB" failures="0" tests="1" name="Tests.TestOrderProduct" time="3.949" errors="0" timestamp="2022-02-03T02:16:23 CET" skipped="0">
  <testcase classname="Tests.TestOrderProduct" name="orderOneProduct" time="3.949"/>
  <system-out/>
</testsuite> <!-- Tests.TestOrderProduct -->
