<?xml version="1.0" encoding="UTF-8"?>
<!-- Generated by org.testng.reporters.JUnitReportReporter -->
<testsuite hostname="DESKTOP-08MK2PB" failures="0" tests="1" name="Tests.TestOrderProduct" time="2.970" errors="0" timestamp="2022-02-03T21:02:52 CET" skipped="0">
  <testcase classname="Tests.TestOrderProduct" name="continueShopping" time="2.970"/>
  <system-out/>
</testsuite> <!-- Tests.TestOrderProduct -->
